<?xml version="1.0" encoding="UTF-8"?>
<!-- Generated by org.testng.reporters.JUnitReportReporter -->
<testsuite skipped="1" hostname="PC-201711151856" name="com.course.cases.AddUserTest" tests="1" failures="0" timestamp="25 八月 2018 11:40:13 GMT" time="0.000" errors="0">
  <testcase name="addUser" time="0.000" classname="com.course.cases.AddUserTest">
    <skipped/>
  </testcase> <!-- addUser -->
</testsuite> <!-- com.course.cases.AddUserTest -->
