<?xml version="1.0" encoding="UTF-8"?>
<!-- Generated by org.testng.reporters.JUnitReportReporter -->
<testsuite skipped="2" hostname="PC-201711151856" name="com.course.cases.UpdateUserInfoTest" tests="2" failures="0" timestamp="25 八月 2018 11:40:13 GMT" time="0.000" errors="0">
  <testcase name="deleteUser" time="0.000" classname="com.course.cases.UpdateUserInfoTest">
    <skipped/>
  </testcase> <!-- deleteUser -->
  <testcase name="updateUserInfo" time="0.000" classname="com.course.cases.UpdateUserInfoTest">
    <skipped/>
  </testcase> <!-- updateUserInfo -->
</testsuite> <!-- com.course.cases.UpdateUserInfoTest -->
